|ERROR|2023-03-27 00:41:42,721|Socket returns unknown error.
|ERROR|2023-03-27 00:42:59,584|Socket returns unknown error.
|ERROR|2023-03-27 00:43:04,325|Socket returns unknown error.
|ERROR|2023-03-27 00:43:04,873|Socket returns unknown error.
|ERROR|2023-03-27 00:43:05,474|Socket returns unknown error.
|ERROR|2023-03-27 00:43:05,969|Socket returns unknown error.
|ERROR|2023-03-27 00:43:07,592|Socket returns unknown error.
|ERROR|2023-03-27 00:43:08,232|Socket returns unknown error.
|ERROR|2023-03-27 00:43:27,489|Socket returns unknown error.
|ERROR|2023-03-27 00:43:55,055|Socket returns unknown error.
|ERROR|2023-03-27 00:45:45,632|Socket returns unknown error.
|ERROR|2023-03-27 00:45:49,504|Socket returns unknown error.
|ERROR|2023-03-27 00:45:52,400|Socket returns unknown error.
|ERROR|2023-03-27 00:46:08,159|Socket returns unknown error.
|ERROR|2023-03-27 00:46:08,739|Socket returns unknown error.
|ERROR|2023-03-27 00:46:09,375|Socket returns unknown error.
|ERROR|2023-03-27 00:46:10,099|Socket returns unknown error.
|ERROR|2023-03-27 00:46:10,344|Socket returns unknown error.
|ERROR|2023-03-27 00:46:10,786|Socket returns unknown error.
|ERROR|2023-03-27 00:46:10,919|Socket returns unknown error.
|ERROR|2023-03-27 00:55:30,210|Socket returns unknown error.
|ERROR|2023-03-27 00:55:33,869|Socket returns unknown error.
|ERROR|2023-03-27 00:55:36,863|Socket returns unknown error.
|ERROR|2023-03-27 00:55:37,094|Socket returns unknown error.
|ERROR|2023-03-27 00:55:37,286|Socket returns unknown error.
|ERROR|2023-03-27 00:55:37,420|Socket returns unknown error.
|ERROR|2023-03-27 00:55:37,543|Socket returns unknown error.
|ERROR|2023-03-27 00:55:37,775|Socket returns unknown error.
|ERROR|2023-03-27 00:55:37,926|Socket returns unknown error.
|ERROR|2023-03-27 00:55:38,059|Socket returns unknown error.
|ERROR|2023-03-27 00:55:38,219|Socket returns unknown error.
|ERROR|2023-03-27 00:55:38,354|Socket returns unknown error.
|ERROR|2023-03-27 00:55:38,514|Socket returns unknown error.
|ERROR|2023-03-27 00:55:38,649|Socket returns unknown error.
|ERROR|2023-03-27 00:55:38,766|Socket returns unknown error.
|ERROR|2023-03-27 00:55:38,913|Socket returns unknown error.
|ERROR|2023-03-27 00:55:39,024|Socket returns unknown error.
|ERROR|2023-03-27 00:55:39,137|Socket returns unknown error.
|ERROR|2023-03-27 00:55:39,232|Socket returns unknown error.
|ERROR|2023-03-27 00:55:39,352|Socket returns unknown error.
|ERROR|2023-03-27 00:55:39,466|Socket returns unknown error.
|ERROR|2023-03-27 00:55:39,592|Socket returns unknown error.
|ERROR|2023-03-27 00:55:39,719|Socket returns unknown error.
|ERROR|2023-03-27 00:55:39,838|Socket returns unknown error.
|ERROR|2023-03-27 00:55:40,053|Socket returns unknown error.
|ERROR|2023-03-27 00:55:40,209|Socket returns unknown error.
|ERROR|2023-03-27 00:55:40,598|Socket returns unknown error.
|ERROR|2023-03-27 00:55:41,114|Socket returns unknown error.
|ERROR|2023-03-27 00:55:41,286|Socket returns unknown error.
|ERROR|2023-03-27 00:55:41,432|Socket returns unknown error.
|ERROR|2023-03-27 00:55:41,615|Socket returns unknown error.
|ERROR|2023-03-27 00:55:41,843|Socket returns unknown error.
|ERROR|2023-03-27 00:55:42,182|Socket returns unknown error.
|ERROR|2023-03-27 00:55:42,392|Socket returns unknown error.
|ERROR|2023-03-27 00:55:42,593|Socket returns unknown error.
|ERROR|2023-03-27 00:55:42,969|Socket returns unknown error.
|ERROR|2023-03-27 00:55:43,332|Socket returns unknown error.
|ERROR|2023-03-27 00:55:43,587|Socket returns unknown error.
|ERROR|2023-03-27 00:55:43,877|Socket returns unknown error.
|ERROR|2023-03-27 00:55:44,281|Socket returns unknown error.
|ERROR|2023-03-27 00:56:43,084|Socket returns unknown error.
|ERROR|2023-03-27 01:27:41,200|Server reports an error: {'executed': False, 'error': 'Invalid from/to parameneters.'}.
|ERROR|2023-03-27 01:27:41,201|URL: https://api-demo.fxcm.com:443/candles/1/m1?num=10&from=1593561600&to=1596153600
|ERROR|2023-03-27 01:27:41,201|Headers: {'User-Agent': 'request', 'Accept-Encoding': 'gzip, deflate', 'Accept': 'application/json', 'Connection': 'keep-alive', 'Authorization': 'Bearer KH-AKflFNs4gx1prADY8029295c6cbeb0e73e3de3ecb4a24277218ffd28c', 'Content-Type': 'application/x-www-form-urlencoded'}
|ERROR|2023-03-27 01:27:41,201|Params: {'num': 10, 'from': 1593561600, 'to': 1596153600}
|ERROR|2023-03-27 01:27:41,201|Bearer token: Bearer KH-AKflFNs4gx1prADY8029295c6cbeb0e73e3de3ecb4a24277218ffd28c
|ERROR|2023-03-27 01:27:41,201|Connection status: established
|ERROR|2023-03-27 01:27:41,201|Socket session id: KH-AKflFNs4gx1prADY8
|ERROR|2023-03-27 01:27:41,201|Can not parse server answer to json object: {"response":{"executed":false,"error":"Invalid from/to parameneters."},"instrument_id":"1","period_id":"m1","candles":[]}.
